<?xml version="1.0" encoding="UTF-8"?>
<testsuite name="com.thetrainline.enhanced.DependencyProviderTest" tests="4" skipped="0" failures="0" errors="0" timestamp="2017-02-12T20:54:38" hostname="Andraniks-MacBook-Pro.local" time="0.003">
  <properties/>
  <testcase name="getReaderWithEmptyFileName" classname="com.thetrainline.enhanced.DependencyProviderTest" time="0.0"/>
  <testcase name="getWriterWithEmptyFileName" classname="com.thetrainline.enhanced.DependencyProviderTest" time="0.0"/>
  <testcase name="getWriterWithNullFileName" classname="com.thetrainline.enhanced.DependencyProviderTest" time="0.0"/>
  <testcase name="getReaderWithNullFileName" classname="com.thetrainline.enhanced.DependencyProviderTest" time="0.001"/>
  <system-out><![CDATA[]]></system-out>
  <system-err><![CDATA[]]></system-err>
</testsuite>
