<?xml version="1.0" encoding="UTF-8"?>
<testsuite name="com.thetrainline.enhanced.CsvWriterImplTest" tests="3" skipped="0" failures="0" errors="0" timestamp="2017-02-12T20:54:38" hostname="Andraniks-MacBook-Pro.local" time="0.005">
  <properties/>
  <testcase name="writeNullColumns" classname="com.thetrainline.enhanced.CsvWriterImplTest" time="0.001"/>
  <testcase name="writeColumns" classname="com.thetrainline.enhanced.CsvWriterImplTest" time="0.002"/>
  <testcase name="writeEmptyColumns" classname="com.thetrainline.enhanced.CsvWriterImplTest" time="0.0"/>
  <system-out><![CDATA[]]></system-out>
  <system-err><![CDATA[]]></system-err>
</testsuite>
