<?xml version="1.0" encoding="UTF-8"?>
<testsuite name="com.thetrainline.enhanced.CsvReaderImplTest" tests="2" skipped="0" failures="0" errors="0" timestamp="2017-02-12T20:54:38" hostname="Andraniks-MacBook-Pro.local" time="0.017">
  <properties/>
  <testcase name="readTabulatedLine" classname="com.thetrainline.enhanced.CsvReaderImplTest" time="0.014"/>
  <testcase name="readOrdinaryLine" classname="com.thetrainline.enhanced.CsvReaderImplTest" time="0.002"/>
  <system-out><![CDATA[]]></system-out>
  <system-err><![CDATA[]]></system-err>
</testsuite>
